<?xml version="1.0" encoding="UTF-8"?>
<!-- Generated by org.testng.reporters.JUnitXMLReporter -->
<testsuite ignored="0" hostname="LAPTOP-BTAPKMFO" failures="0" tests="7" name="Test" time="41.515" errors="0" timestamp="08 Mar 2024 04:27:32 GMT">
  <testcase classname="com.xyzbank.qa.testcases.LoginTest" name="verifyLogin" time="2.191"/>
  <testcase classname="com.xyzbank.qa.testcases.DepositTest" name="DepositMoney" time="3.981"/>
  <testcase classname="com.xyzbank.qa.testcases.WithdrawTest" name="DepositMoney" time="3.811"/>
  <testcase classname="com.xyzbank.qa.testcases.AddNewCustomerTest" name="verifyManagerLogin" time="2.287"/>
  <testcase classname="com.xyzbank.qa.testcases.SearchCustomerTest" name="verifySearch" time="1.834"/>
  <testcase classname="com.xyzbank.qa.testcases.HomepageTest" name="homePageTest" time="0.799"/>
  <testcase classname="com.xyzbank.qa.testcases.OpenNewAccountTest" name="createAccount" time="2.592"/>
</testsuite> <!-- Test -->
