<?xml version="1.0" encoding="UTF-8"?>
<!-- Generated by org.testng.reporters.JUnitXMLReporter -->
<testsuite ignored="0" hostname="LAPTOP-BTAPKMFO" failures="0" tests="7" name="EdgeTest" time="59.991" errors="0" timestamp="08 Mar 2024 03:48:38 GMT">
  <testcase classname="com.xyzbank.qa.testcases.LoginTest" name="verifyLogin" time="1.902"/>
  <testcase classname="com.xyzbank.qa.testcases.DepositTest" name="DepositMoney" time="5.722"/>
  <testcase classname="com.xyzbank.qa.testcases.WithdrawTest" name="DepositMoney" time="2.552"/>
  <testcase classname="com.xyzbank.qa.testcases.AddNewCustomerTest" name="verifyManagerLogin" time="1.877"/>
  <testcase classname="com.xyzbank.qa.testcases.SearchCustomerTest" name="verifySearch" time="1.729"/>
  <testcase classname="com.xyzbank.qa.testcases.HomepageTest" name="homePageTest" time="1.772"/>
  <testcase classname="com.xyzbank.qa.testcases.OpenNewAccountTest" name="createAccount" time="1.837"/>
</testsuite> <!-- EdgeTest -->
